<?xml version="1.0" encoding="UTF-8"?>
<robot generator="Robot 7.0 (Python 3.9.13 on win32)" generated="2024-02-21T18:27:30.890963" rpa="false" schemaversion="5">
<suite id="s1" name="GgSearch" source="C:\Project\pythonProject\RobotFW\Tests\GgSearch.robot">
<test id="s1-t1" name="Search on DuckDuckGo" line="13">
<kw name="Open Browser" owner="SeleniumLibrary">
<msg time="2024-02-21T18:27:31.227978" level="INFO">Opening browser 'Chrome' to base url 'https://duckduckgo.com'.</msg>
<arg>${URL}</arg>
<arg>${BROWSER}</arg>
<doc>Opens a new browser instance to the optional ``url``.</doc>
<status status="PASS" start="2024-02-21T18:27:31.227978" elapsed="4.355683"/>
</kw>
<kw name="Maximize Browser Window" owner="SeleniumLibrary">
<doc>Maximizes current browser window.</doc>
<status status="PASS" start="2024-02-21T18:27:35.584678" elapsed="0.157612"/>
</kw>
<kw name="Set Browser Implicit Wait" owner="SeleniumLibrary">
<arg>10 seconds</arg>
<doc>Sets the implicit wait value used by Selenium.</doc>
<status status="PASS" start="2024-02-21T18:27:35.743711" elapsed="0.003329"/>
</kw>
<kw name="Input Text" owner="SeleniumLibrary">
<msg time="2024-02-21T18:27:35.749447" level="INFO">Typing text 'Robot Framework' into text field 'name=q'.</msg>
<arg>name=q</arg>
<arg>${SEARCH_TERM}</arg>
<doc>Types the given ``text`` into the text field identified by ``locator``.</doc>
<status status="PASS" start="2024-02-21T18:27:35.748428" elapsed="0.265694"/>
</kw>
<kw name="Click Element" owner="SeleniumLibrary">
<msg time="2024-02-21T18:27:36.015119" level="INFO">Clicking element '//button[@type='submit']'.</msg>
<arg>//button[@type='submit']</arg>
<doc>Click the element identified by ``locator``.</doc>
<status status="PASS" start="2024-02-21T18:27:36.015119" elapsed="0.215763"/>
</kw>
<kw name="Wait Until Element Is Visible" owner="SeleniumLibrary">
<arg>id=search_form_input</arg>
<doc>Waits until the element ``locator`` is visible.</doc>
<status status="PASS" start="2024-02-21T18:27:36.231893" elapsed="1.528702"/>
</kw>
<kw name="Get Element Attribute" owner="SeleniumLibrary">
<msg time="2024-02-21T18:27:37.809742" level="INFO">${search_result} = Robot Framework</msg>
<var>${search_result}</var>
<arg>id=search_form_input</arg>
<arg>value</arg>
<doc>Returns the value of ``attribute`` from the element ``locator``.</doc>
<status status="PASS" start="2024-02-21T18:27:37.761613" elapsed="0.049144"/>
</kw>
<kw name="Should Be Equal As Strings" owner="BuiltIn">
<arg>${search_result}</arg>
<arg>${SEARCH_TERM}</arg>
<doc>Fails if objects are unequal after converting them to strings.</doc>
<status status="PASS" start="2024-02-21T18:27:37.812967" elapsed="0.001295"/>
</kw>
<kw name="Capture Page Screenshot" owner="SeleniumLibrary">
<msg time="2024-02-21T18:27:38.001078" level="INFO" html="true">&lt;/td&gt;&lt;/tr&gt;&lt;tr&gt;&lt;td colspan="3"&gt;&lt;a href="selenium-screenshot-24.png"&gt;&lt;img src="selenium-screenshot-24.png" width="800px"&gt;&lt;/a&gt;</msg>
<doc>Takes a screenshot of the current page and embeds it into a log file.</doc>
<status status="PASS" start="2024-02-21T18:27:37.817520" elapsed="0.183558"/>
</kw>
<kw name="Close Browser" owner="SeleniumLibrary">
<doc>Closes the current browser.</doc>
<status status="PASS" start="2024-02-21T18:27:38.002089" elapsed="2.207810"/>
</kw>
<kw name="Hello World">
<msg time="2024-02-21T18:27:40.212893" level="FAIL">No keyword with name 'Hello World' found.</msg>
<status status="FAIL" start="2024-02-21T18:27:40.212893" elapsed="0.000000">No keyword with name 'Hello World' found.</status>
</kw>
<status status="FAIL" start="2024-02-21T18:27:31.225940" elapsed="8.986953">No keyword with name 'Hello World' found.</status>
</test>
<test id="s1-t2" name="Search on Wikipedia" line="28">
<kw name="Open Browser" owner="SeleniumLibrary">
<msg time="2024-02-21T18:27:40.216209" level="INFO">Opening browser 'Chrome' to base url 'https://www.wikipedia.org'.</msg>
<arg>${URL1}</arg>
<arg>${BROWSER}</arg>
<doc>Opens a new browser instance to the optional ``url``.</doc>
<status status="PASS" start="2024-02-21T18:27:40.215692" elapsed="3.748105"/>
</kw>
<kw name="Maximize Browser Window" owner="SeleniumLibrary">
<doc>Maximizes current browser window.</doc>
<status status="PASS" start="2024-02-21T18:27:43.964910" elapsed="0.123506"/>
</kw>
<kw name="Set Browser Implicit Wait" owner="SeleniumLibrary">
<arg>10 seconds</arg>
<doc>Sets the implicit wait value used by Selenium.</doc>
<status status="PASS" start="2024-02-21T18:27:44.088416" elapsed="0.001999"/>
</kw>
<kw name="Input Text" owner="SeleniumLibrary">
<msg time="2024-02-21T18:27:44.091416" level="INFO">Typing text 'Robot Framework' into text field 'id=searchInput'.</msg>
<arg>id=searchInput</arg>
<arg>${SEARCH_TERM}</arg>
<doc>Types the given ``text`` into the text field identified by ``locator``.</doc>
<status status="PASS" start="2024-02-21T18:27:44.090415" elapsed="0.166218"/>
</kw>
<kw name="Click Element" owner="SeleniumLibrary">
<msg time="2024-02-21T18:27:44.258634" level="INFO">Clicking element 'xpath=//button[@type='submit']'.</msg>
<arg>xpath=//button[@type='submit']</arg>
<doc>Click the element identified by ``locator``.</doc>
<status status="PASS" start="2024-02-21T18:27:44.257643" elapsed="1.328318"/>
</kw>
<kw name="Wait Until Page Contains" owner="SeleniumLibrary">
<arg>${SEARCH_TERM}</arg>
<doc>Waits until ``text`` appears on the current page.</doc>
<status status="PASS" start="2024-02-21T18:27:45.586961" elapsed="0.099192"/>
</kw>
<kw name="Capture Page Screenshot" owner="SeleniumLibrary">
<msg time="2024-02-21T18:27:45.889464" level="INFO" html="true">&lt;/td&gt;&lt;/tr&gt;&lt;tr&gt;&lt;td colspan="3"&gt;&lt;a href="selenium-screenshot-25.png"&gt;&lt;img src="selenium-screenshot-25.png" width="800px"&gt;&lt;/a&gt;</msg>
<doc>Takes a screenshot of the current page and embeds it into a log file.</doc>
<status status="PASS" start="2024-02-21T18:27:45.687152" elapsed="0.203436"/>
</kw>
<kw name="Close Browser" owner="SeleniumLibrary">
<doc>Closes the current browser.</doc>
<status status="PASS" start="2024-02-21T18:27:45.890588" elapsed="2.170029"/>
</kw>
<kw name="Hello World">
<msg time="2024-02-21T18:27:48.062631" level="FAIL">No keyword with name 'Hello World' found.</msg>
<status status="FAIL" start="2024-02-21T18:27:48.062631" elapsed="0.000000">No keyword with name 'Hello World' found.</status>
</kw>
<status status="FAIL" start="2024-02-21T18:27:40.214920" elapsed="7.848739">No keyword with name 'Hello World' found.</status>
</test>
<doc>Example test case for searching on DuckDuckGo using Robot Framework</doc>
<status status="FAIL" start="2024-02-21T18:27:30.893034" elapsed="17.172597"/>
</suite>
<statistics>
<total>
<stat pass="0" fail="2" skip="0">All Tests</stat>
</total>
<tag>
</tag>
<suite>
<stat pass="0" fail="2" skip="0" id="s1" name="GgSearch">GgSearch</stat>
</suite>
</statistics>
<errors>
<msg time="2024-02-21T18:27:31.223646" level="WARN">Imported library 'C:\Project\pythonProject\RobotFW\Libraries\Duck.py' contains no keywords.</msg>
</errors>
</robot>
